This is pdfTeX, Version 3.14159265-2.6-1.40.16 (TeX Live 2015) (preloaded format=pdflatex 2016.4.25)  3 APR 2017 11:11
entering extended mode
 restricted \write18 enabled.
 %&-line parsing enabled.
**"/Users/Tanu/Documents/Uio/6. Semester - SJSU/CMPE102 - Assembly Language Pro
gramming /Programming Assignments/PA04/ROT13.asm"

(/Users/Tanu/Documents/Uio/6. Semester - SJSU/CMPE102 - Assembly Language Progr
amming /Programming Assignments/PA04/ROT13.asm
LaTeX2e <2015/01/01>
Babel <3.9l> and hyphenation patterns for 79 languages loaded.

! LaTeX Error: Missing \begin{document}.

See the LaTeX manual or LaTeX Companion for explanation.
Type  H <return>  for immediate help.
 ...                                              
                                                  
l.1 S
     ECTION .bss
? 
! Emergency stop.
 ...                                              
                                                  
l.1 S
     ECTION .bss
You're in trouble here.  Try typing  <return>  to proceed.
If that doesn't work, type  X <return>  to quit.

 
Here is how much of TeX's memory you used:
 8 strings out of 493089
 601 string characters out of 6134842
 53199 words of memory out of 5000000
 3590 multiletter control sequences out of 15000+600000
 3640 words of font info for 14 fonts, out of 8000000 for 9000
 1141 hyphenation exceptions out of 8191
 5i,0n,4p,141b,14s stack positions out of 5000i,500n,10000p,200000b,80000s
!  ==> Fatal error occurred, no output PDF file produced!
